<?xml version="1.0" encoding="UTF-8"?>
<!-- Generated by org.testng.reporters.JUnitReportReporter -->
<testsuite hostname="DESKTOP-3E83AE4" failures="0" tests="1" name="com.java8.ch06.test.TestingGroupingByTransaction" time="0.037" errors="0" timestamp="24 Dec 2017 16:29:37 GMT" skipped="0">
  <testcase classname="com.java8.ch06.test.TestingGroupingByTransaction" name="test" time="0.037"/>
</testsuite> <!-- com.java8.ch06.test.TestingGroupingByTransaction -->
