<?xml version="1.0" encoding="UTF-8"?>
<!-- Generated by org.testng.reporters.JUnitReportReporter -->
<testsuite skipped="0" hostname="xyloop" name="com.java8.ch06.test.GroupingByTransactionTest" tests="2" failures="0" timestamp="15 Dec 2017 13:04:19 GMT" time="0.118" errors="0">
  <testcase name="groupingFunctionallyTest" time="0.098" classname="com.java8.ch06.test.GroupingByTransactionTest"/>
  <testcase name="groupingImperativelyTest" time="0.020" classname="com.java8.ch06.test.GroupingByTransactionTest"/>
</testsuite> <!-- com.java8.ch06.test.GroupingByTransactionTest -->
