<?xml version="1.0" encoding="UTF-8"?>
<!-- Generated by org.testng.reporters.JUnitReportReporter -->
<testsuite hostname="DESKTOP-3E83AE4" failures="0" tests="1" name="com.java8.ch06.test.SummarizationTest" time="0.031" errors="0" timestamp="24 Dec 2017 16:47:07 GMT" skipped="0">
  <testcase classname="com.java8.ch06.test.SummarizationTest" name="test" time="0.031"/>
</testsuite> <!-- com.java8.ch06.test.SummarizationTest -->
